Copyright 1986-2022 Xilinx, Inc. All Rights Reserved.
------------------------------------------------------------------------------------
| Tool Version : Vivado v.2022.2 (win64) Build 3671981 Fri Oct 14 05:00:03 MDT 2022
| Date         : Sat Apr 22 23:56:19 2023
| Host         : DESKTOP-1LGJVNF running 64-bit major release  (build 9200)
| Command      : upgrade_ip
| Device       : xc7a35tcpg236-1
------------------------------------------------------------------------------------

Upgrade Log for IP 'design_1_Lab6_0_1'

1. Summary
----------

SUCCESS in the conversion of design_1_Lab6_0_1 (xilinx.com:user:Lab6:1.0 (Rev. 7)) to Vivado generation flows.






Copyright 1986-2022 Xilinx, Inc. All Rights Reserved.
------------------------------------------------------------------------------------
| Tool Version : Vivado v.2022.2 (win64) Build 3671981 Fri Oct 14 05:00:03 MDT 2022
| Date         : Thu Mar 30 11:41:04 2023
| Host         : DESKTOP-1LGJVNF running 64-bit major release  (build 9200)
| Command      : upgrade_ip
| Device       : xc7a35tcpg236-1
------------------------------------------------------------------------------------

Upgrade Log for IP 'design_1_Lab_8_IP_0_0'

1. Summary
----------

SUCCESS in the conversion of design_1_Lab_8_IP_0_0 (xilinx.com:user:Lab_8_IP:1.0 (Rev. 4)) to Vivado generation flows.






Copyright 1986-2022 Xilinx, Inc. All Rights Reserved.
------------------------------------------------------------------------------------
| Tool Version : Vivado v.2022.2 (win64) Build 3671981 Fri Oct 14 05:00:03 MDT 2022
| Date         : Thu Mar 30 11:37:59 2023
| Host         : DESKTOP-1LGJVNF running 64-bit major release  (build 9200)
| Command      : upgrade_ip
| Device       : xc7a35tcpg236-1
------------------------------------------------------------------------------------

Upgrade Log for IP 'design_1_Lab_8_IP_0_0'

1. Summary
----------

SUCCESS in the upgrade of design_1_Lab_8_IP_0_0 (xilinx.com:user:Lab_8_IP:1.0) from (Rev. 3) to (Rev. 4)






Copyright 1986-2022 Xilinx, Inc. All Rights Reserved.
------------------------------------------------------------------------------------
| Tool Version : Vivado v.2022.2 (win64) Build 3671981 Fri Oct 14 05:00:03 MDT 2022
| Date         : Tue Mar 28 12:23:23 2023
| Host         : DESKTOP-1LGJVNF running 64-bit major release  (build 9200)
| Command      : upgrade_ip
| Device       : xc7a35tcpg236-1
------------------------------------------------------------------------------------

Upgrade Log for IP 'design_1_Lab_8_IP_0_0'

1. Summary
----------

CAUTION (success, with warnings) in the upgrade of design_1_Lab_8_IP_0_0 (xilinx.com:user:Lab_8_IP:1.0) from (Rev. 2) to (Rev. 3)

After upgrade, an IP may have parameter and port differences compared to the original customization. Please review the parameters within the IP customization GUI to ensure proper functionality. Also, please review the updated IP instantiation template to ensure proper connectivity, and update your design if required.

2. Connection Warnings
----------------------

Detected external port differences while upgrading 'design_1_Lab_8_IP_0_0'. These changes may impact your design.


-Upgrade has added port 'SensorSig'







Copyright 1986-2022 Xilinx, Inc. All Rights Reserved.
------------------------------------------------------------------------------------
| Tool Version : Vivado v.2022.2 (win64) Build 3671981 Fri Oct 14 05:00:03 MDT 2022
| Date         : Tue Feb 28 11:47:31 2023
| Host         : DESKTOP-1LGJVNF running 64-bit major release  (build 9200)
| Command      : upgrade_ip
| Device       : xc7a35tcpg236-1
------------------------------------------------------------------------------------

Upgrade Log for IP 'design_1_Lab6_0_1'

1. Summary
----------

SUCCESS in the upgrade of design_1_Lab6_0_1 (xilinx.com:user:Lab6:1.0) from (Rev. 5) to (Rev. 7)






Copyright 1986-2022 Xilinx, Inc. All Rights Reserved.
------------------------------------------------------------------------------------
| Tool Version : Vivado v.2022.2 (win64) Build 3671981 Fri Oct 14 05:00:03 MDT 2022
| Date         : Tue Feb 28 10:35:28 2023
| Host         : DESKTOP-1LGJVNF running 64-bit major release  (build 9200)
| Command      : upgrade_ip
| Device       : xc7a35tcpg236-1
------------------------------------------------------------------------------------

Upgrade Log for IP 'design_1_Lab6_0_1'

1. Summary
----------

SUCCESS in the upgrade of design_1_Lab6_0_1 (xilinx.com:user:Lab6:1.0) from (Rev. 4) to (Rev. 5)






Copyright 1986-2022 Xilinx, Inc. All Rights Reserved.
------------------------------------------------------------------------------------
| Tool Version : Vivado v.2022.2 (win64) Build 3671981 Fri Oct 14 05:00:03 MDT 2022
| Date         : Tue Feb 21 11:43:12 2023
| Host         : DESKTOP-1LGJVNF running 64-bit major release  (build 9200)
| Command      : upgrade_ip
| Device       : xc7a35tcpg236-1
------------------------------------------------------------------------------------

Upgrade Log for IP 'design_1_AlarmTimer_0_0'

1. Summary
----------

SUCCESS in the upgrade of design_1_AlarmTimer_0_0 (xilinx.com:user:AlarmTimer:1.0) from (Rev. 2) to (Rev. 3)

